<?xml version="1.0" encoding="UTF-8"?>
<!-- Generated by org.testng.reporters.JUnitReportReporter -->
<testsuite skipped="0" hostname="DESKTOP-VI7FJJF" name="testcases.LoginWordPress.LoginWordPressTC" tests="1" failures="0" timestamp="15 Aug 2018 19:49:23 GMT" time="287.559" errors="0">
  <testcase name="UserLoginToWordPress" time="287.559" classname="testcases.LoginWordPress.LoginWordPressTC"/>
</testsuite> <!-- testcases.LoginWordPress.LoginWordPressTC -->
