<?xml version="1.0" encoding="UTF-8"?>
<!-- Generated by org.testng.reporters.JUnitReportReporter -->
<testsuite skipped="0" hostname="DESKTOP-VI7FJJF" name="basic.googleLaunch" tests="1" failures="0" timestamp="12 Aug 2018 18:12:06 GMT" time="25.549" errors="0">
  <testcase name="google" time="25.549" classname="basic.googleLaunch"/>
</testsuite> <!-- basic.googleLaunch -->
